<?xml version="1.0" encoding="UTF-8"?>
<!-- Generated by org.testng.reporters.JUnitReportReporter -->
<testsuite hostname="MT-PF14V642" name="runners.MainRunner2" tests="2" failures="0" timestamp="6 Jun 2020 21:00:09 GMT" time="59.266" errors="0">
  <testcase name="feature" time="42.664" classname="runners.MainRunner2"/>
  <testcase name="feature" time="16.602" classname="runners.MainRunner2"/>
</testsuite> <!-- runners.MainRunner2 -->
