<?xml version="1.0" encoding="UTF-8"?>
<!-- Generated by org.testng.reporters.JUnitReportReporter -->
<testsuite hostname="MT-PF14V642" name="runners.Runner1" tests="2" failures="0" timestamp="12 Jun 2020 22:07:39 GMT" time="50.077" errors="0">
  <testcase name="feature" time="25.615" classname="runners.Runner1"/>
  <testcase name="feature" time="24.462" classname="runners.Runner1"/>
</testsuite> <!-- runners.Runner1 -->
