<?xml version="1.0" encoding="UTF-8"?>
<!-- Generated by org.testng.reporters.JUnitReportReporter -->
<testsuite hostname="MT-PF14V642" name="runners.MainRunner" tests="1" failures="0" timestamp="6 Jun 2020 20:46:51 GMT" time="275.864" errors="0">
  <testcase name="feature" time="275.864" classname="runners.MainRunner"/>
</testsuite> <!-- runners.MainRunner -->
