<?xml version="1.0" encoding="UTF-8"?>
<!-- Generated by org.testng.reporters.JUnitReportReporter -->
<testsuite hostname="MT-PF14V642" name="runners.MainRunner1" tests="1" failures="0" timestamp="7 Jun 2020 16:36:14 GMT" time="165.081" errors="0">
  <testcase name="feature" time="165.081" classname="runners.MainRunner1"/>
</testsuite> <!-- runners.MainRunner1 -->
